1700930122032,sake,open_key_db,5fe5928308010230f0b50df613f2e429c8c5e8713854add1a69b837235a3e974304d8055ccb397838b90823c73236d6a83dcc9db3a2a939ff16145ca4169ef93a7fa39b20962b05e57413bff8b3d61fce0dfef2c43b326;true
1700930125266,sake,handshake,null;0000000000000000000000000000000000000000
1700930125398,sake,handshake,02019d8ac19e2ba905fcb1082a1cf8602241026b;c41feeac76ba58d90838ff8264e0fbe118d82707
1700930125419,bt,notify,0000fe82-0000-1000-0000-009132591325;02019d8ac19e2ba905fcb1082a1cf8602241026b
1700930125428,bt,write,0000fe82-0000-1000-0000-009132591325;02019d8ac19e2ba905fcb1082a1cf8602241026b
1700930125510,bt,write,0000fe82-0000-1000-0000-009132591325;c41feeac76ba58d90838ff8264e0fbe118d82707
1700930125538,sake,handshake,ab306258308045a6fa5a214232a9ee610c388d55;6f2898a885704de55acd824c781795ebf3b8d841
1700930125546,bt,notify,0000fe82-0000-1000-0000-009132591325;ab306258308045a6fa5a214232a9ee610c388d55
1700930125645,bt,notify,0000fe82-0000-1000-0000-009132591325;cb5287571b87fbdcfbb3261f7cbf92b194002bef
1700930125658,sake,handshake,cb5287571b87fbdcfbb3261f7cbf92b194002bef;d9b6215cee5c834ee00f5b2e0eb92a264700a5b8
1700930125669,bt,write,0000fe82-0000-1000-0000-009132591325;cb5287571b87fbdcfbb3261f7cbf92b194002bef
1700930125741,bt,write,0000fe82-0000-1000-0000-009132591325;d9b6215cee5c834ee00f5b2e0eb92a264700a5b8
1700930125997,sake,encrypt,904962;335d33011fc8
1700930126006,bt,read,00002aa8-0000-1000-8000-00805f9b34fb;41d20159f16f
1700930126097,bt,read,00002a29-0000-1000-8000-00805f9b34fb;4d656474726f6e696300
1700930126195,bt,read,00002a24-0000-1000-8000-00805f9b34fb;4d4d542d37383431515a5700
1700930126273,bt,read,00002a27-0000-1000-8000-00805f9b34fb;3547312e3000
1700930126367,bt,read,00002a26-0000-1000-8000-00805f9b34fb;322e304100
1700930126460,bt,read,00002a28-0000-1000-8000-00805f9b34fb;312e31412e633861343938373800
1700930126548,bt,notify,00002aac-0000-1000-8000-00805f9b34fb;9cbff76f4bc0d5e91d2701e4c2
1700930126558,sake,decrypt,9cbff76f4bc0d5e91d2701e4c2;91071d00ffff60273420
1700930126572,bt,write,00002aac-0000-1000-8000-00805f9b34fb;9cbff76f4bc0d5e91d2701e4c2
1700930126655,sake,encrypt,8a32d1;a3d2f102a5c1
1700930126722,bt,write,00002aac-0000-1000-8000-00805f9b34fb;a3d2f102a5c1
1700930126728,sake,decrypt,6a7c31c56ebc988f6af86c02d1ab;8b2e2b0103010000001dbe
1700930126736,bt,notify,00002aac-0000-1000-8000-00805f9b34fb;6a7c31c56ebc988f6af86c02d1ab
1700930126799,sake,encrypt,8cf4b1;4b8707032530
1700930126904,sake,decrypt,f8500381039cf8;8d0a81d1
1700930126910,bt,notify,00002aac-0000-1000-8000-00805f9b34fb;f8500381039cf8
1700930126921,bt,write,00002aac-0000-1000-8000-00805f9b34fb;f8500381039cf8
1700930127006,sake,encrypt,e7070b1910231a0400b1d0;3a85ccbbf29087f8cddece04d1b2
1700930127081,bt,notify,00000202-0000-1000-0000-009132591325;cd28080301000000d827
1700930127087,bt,write,00002aaa-0000-1000-8000-00805f9b34fb;3a85ccbbf29087f8cddece04d1b2
1700930127173,bt,notify,00000203-0000-1000-0000-009132591325;0000000000000000ffff
1700930127183,sake,decrypt,18050f4f73073b00a7c0fc041ed4;e7070b171533090400d172
1700930127194,bt,read,00002aaa-0000-1000-8000-00805f9b34fb;18050f4f73073b00a7c0fc041ed4
1700930127260,bt,notify,00000204-0000-1000-0000-009132591325;0000000000000000ffff
1700930127575,bt,read,00002aab-0000-1000-8000-00805f9b34fb;aa00baef
1700930127629,sake,encrypt,05ffff633a;1829ff1e6305cf0d
1700930127709,bt,write,00002aac-0000-1000-8000-00805f9b34fb;1829ff1e6305cf0d
1700930127715,sake,decrypt,f7c80ae90cbe70dc7309856ff505e877;060000ffff11ffffffff007196
1700930127721,bt,notify,00002aac-0000-1000-8000-00805f9b34fb;f7c80ae90cbe70dc7309856ff505e877
1700930127890,bt,read,5f0b2420-be34-11e4-bc62-0002a5d5c51b;8124000000f401
1700930127987,bt,read,5f0b2420-be34-11e4-bc62-0002a5d5c51b;8124000000f401
1700930128085,bt,write,500d8e40-be34-11e4-9b24-0002a5d5c51b;0150015c0102005802
1700930128790,bt,notify,5f0b2420-be34-11e4-bc62-0002a5d5c51b;825c0102005802
1700930130537,bt,read,00000201-0000-1000-0000-009132591325;01
1700930132288,bt,read,00002a19-0000-1000-8000-00805f9b34fb;54
1700930141858,bt,write,00002a52-0000-1000-8000-00805f9b34fb;8006
1700930141870,sake,decrypt,194aa1ddc43a111ec9d397b7c18c065f77;0ec39200000a000015e00a009494
1700930141865,bt,notify,00002aa7-0000-1000-8000-00805f9b34fb;194aa1ddc43a111ec9d397b7c18c065f77
1700930144037,bt,notify,00002a52-0000-1000-8000-00805f9b34fb;06008001
1700930144054,bt,read,00000200-0000-1000-0000-009132591325;af0092b39ae2922a1df9c118266d85079030
1700930144058,sake,decrypt,af0092b39ae2922a1df9c118266d85079030;1bf550000a0000a000200ab6ff7b9f
1700930171024,bt,notify,00002aa7-0000-1000-8000-00805f9b34fb;093c331a11e9e207b1da2ee7f175088285
1700930171009,sake,decrypt,093c331a11e9e207b1da2ee7f175088285;0ec39200050a000016e00a00f647
1700930172757,bt,read,00000200-0000-1000-0000-009132591325;b143fbabd444ea93e33708c0e2a1c109d8a9
1700930172760,sake,decrypt,b143fbabd444ea93e33708c0e2a1c109d8a9;1bf650000a00409e002e0ab6ff7d4a
1700930469851,bt,notify,00002aa7-0000-1000-8000-00805f9b34fb;4748045926a254a86cafddee30c30a2e9d
1700930469863,sake,decrypt,4748045926a254a86cafddee30c30a2e9d;0ec391000a0a000006e00a005c34
1700930471584,bt,read,00000200-0000-1000-0000-009132591325;8eb118f5809b70728b80ead5796ad60bfb70
1700930471594,sake,decrypt,8eb118f5809b70728b80ead5796ad60bfb70;1bf750000a00409a002a0ab6ff5885
1700930770437,bt,notify,00002aa7-0000-1000-8000-00805f9b34fb;0ea7fd416f6f767b7099dac259b60c51ea
1700930770447,sake,decrypt,0ea7fd416f6f767b7099dac259b60c51ea;0ec392000f0a000005e00a00f156
1700930772188,bt,read,00000200-0000-1000-0000-009132591325;0b1285418297fff5108faa87533cfa0d5b72
1700930772178,sake,decrypt,0b1285418297fff5108faa87533cfa0d5b72;1bf850000a00409900370ab6ff7a7a
1700931070588,bt,notify,00002aa7-0000-1000-8000-00805f9b34fb;d2d8c39e67b9557bdce3c3f7be1c0ec4c6
1700931070599,sake,decrypt,d2d8c39e67b9557bdce3c3f7be1c0ec4c6;0ec39200140a00001ae00a00a372
1700931072323,bt,read,00000200-0000-1000-0000-009132591325;8f858a7c283369810d46dda73094aa0f2d6d
1700931072333,sake,decrypt,8f858a7c283369810d46dda73094aa0f2d6d;1bf950000a00409800490ab7ffb1ef
1700931074047,bt,read,5f0b2420-be34-11e4-bc62-0002a5d5c51b;825c0102005802
1700931131044,bt,notify,00002a19-0000-1000-8000-00805f9b34fb;57
1700931369863,bt,notify,00002aa7-0000-1000-8000-00805f9b34fb;e25a65b9222ba4b993534d331f57101593
1700931369875,sake,decrypt,e25a65b9222ba4b993534d331f57101593;0ec39300190a000016e00a00b004
1700931371605,bt,read,00000200-0000-1000-0000-009132591325;2c91651402becd0efbee3d40b84438111690
1700931371598,sake,decrypt,2c91651402becd0efbee3d40b84438111690;1bfa50000a00409800540ab8ff31d8
1700931670442,bt,notify,00002aa7-0000-1000-8000-00805f9b34fb;0fb23a140b75997b49397997bf22127d67
1700931670456,sake,decrypt,0fb23a140b75997b49397997bf22127d67;0ec395001e0a00000de00a00afb5
1700931672190,sake,decrypt,219162ee010dbbaa8ae9c12d7e82f8133b87;1bfb50000a004099005e0ab8ff4ff6
1700931672205,bt,read,00000200-0000-1000-0000-009132591325;219162ee010dbbaa8ae9c12d7e82f8133b87
1700931970160,bt,notify,00002aa7-0000-1000-8000-00805f9b34fb;3864b2e38a7af81db7bb3f8058c614e0ca
1700931970158,sake,decrypt,3864b2e38a7af81db7bb3f8058c614e0ca;0ec39800230a000021e00a005055
1700931971897,sake,decrypt,81a2a6e998d60510eef69edffe150315d9ba;1bfc50000a00409e00840ab7ffd3e6
1700931971920,bt,read,00000200-0000-1000-0000-009132591325;81a2a6e998d60510eef69edffe150315d9ba
1700932269869,bt,notify,00002aa7-0000-1000-8000-00805f9b34fb;a84c205b28f602f91faffe9485b816d8e9
1700932269884,sake,decrypt,a84c205b28f602f91faffe9485b816d8e9;0ec39c00280a000040e00a00ac01
1700932271631,bt,read,00000200-0000-1000-0000-009132591325;dcaab1ce3057902d486ccd5cf3d6d4171c17
1700932271616,sake,decrypt,dcaab1ce3057902d486ccd5cf3d6d4171c17;1bfd50000a0040a600b90ab7ff07d2
1700932274641,bt,read,5f0b2420-be34-11e4-bc62-0002a5d5c51b;825c0102005802
1700932570439,sake,decrypt,11a0ccb82875412878a753c3d99e1863a3;0ec3a0002d0a000049e00a0080f0
1700932570454,bt,notify,00002aa7-0000-1000-8000-00805f9b34fb;11a0ccb82875412878a753c3d99e1863a3
1700932572180,sake,decrypt,5367651717f3234309a420f5c18e3b19aa59;1bfe50000a0040ab00e50ab8ffecb3
1700932572202,bt,read,00000200-0000-1000-0000-009132591325;5367651717f3234309a420f5c18e3b19aa59
1700932871037,sake,decrypt,c04164ea847a50c63aa4ca2b30ba1af83a;0ec3a300320a000038e00a00f891
1700932871051,bt,notify,00002aa7-0000-1000-8000-00805f9b34fb;c04164ea847a50c63aa4ca2b30ba1af83a
1700932872779,sake,decrypt,51cebee77516698afcee33a3b6f7781b6b7e;1bff50000a0040af00040bb7ff6863
1700932872787,bt,read,00000200-0000-1000-0000-009132591325;51cebee77516698afcee33a3b6f7781b6b7e
1700933170318,bt,notify,00002aa7-0000-1000-8000-00805f9b34fb;dc605636155ad442c617a3677f0c1c0e6b
1700933170331,sake,decrypt,dc605636155ad442c617a3677f0c1c0e6b;0ec3a800370a000047e00a0059b4
1700933172055,bt,read,00000200-0000-1000-0000-009132591325;396a877d9c29df1ffa47fcc4d90c2b1dd2c4
1700933172072,sake,decrypt,396a877d9c29df1ffa47fcc4d90c2b1dd2c4;1b0051000a0040b700430bb7ffa4ae
1700933470463,sake,decrypt,fcb7e517ade67490d6b6d1285c201efe9d;0ec3ae003c0a000067e00a000726
1700933470483,bt,notify,00002aa7-0000-1000-8000-00805f9b34fb;fcb7e517ade67490d6b6d1285c201efe9d
1700933472201,sake,decrypt,21b3eb5204d7ad01d9691b2da6a4fc1feb60;1b0151000a0040c000900bb7ffd313
1700933472225,bt,read,00000200-0000-1000-0000-009132591325;21b3eb5204d7ad01d9691b2da6a4fc1feb60
1700933473929,bt,read,5f0b2420-be34-11e4-bc62-0002a5d5c51b;825c0102005802
1700933770620,bt,notify,00002aa7-0000-1000-8000-00805f9b34fb;a85b2a6d0862b20dfc0e4ff1f56a207c8b
1700933770619,sake,decrypt,a85b2a6d0862b20dfc0e4ff1f56a207c8b;0ec3b300410a00004de00a002783
1700933772350,sake,decrypt,44f8633d82f8b134c997e3660afa3f211496;1b0251000a0040c600c70bb6ff8a8c
1700933772339,bt,read,00000200-0000-1000-0000-009132591325;44f8633d82f8b134c997e3660afa3f211496
1700934070325,sake,decrypt,710453415c541dcb573e150ba9c6222e18;0ec3b900460a00005ae00a00749a
1700934070348,bt,notify,00002aa7-0000-1000-8000-00805f9b34fb;710453415c541dcb573e150ba9c6222e18
1700934072050,sake,decrypt,384705edc14c9b1265cd43dfe897f2238fa1;1b0351000a0040cf00120cb6ffcb56
1700934072071,bt,read,00000200-0000-1000-0000-009132591325;384705edc14c9b1265cd43dfe897f2238fa1
1700934370910,sake,decrypt,63d206729089a1d49f08faa2c3c02419a8;0ec3bd004b0a000057e00a00a358
1700934370932,bt,notify,00002aa7-0000-1000-8000-00805f9b34fb;63d206729089a1d49f08faa2c3c02419a8
1700934372651,bt,read,00000200-0000-1000-0000-009132591325;5db688a5608b96919e03fcbfde070625bb3d
1700934372663,sake,decrypt,5db688a5608b96919e03fcbfde070625bb3d;1b0451000a0040d300500cb5ff4099
1700934671063,bt,notify,00002aa7-0000-1000-8000-00805f9b34fb;1a857ab9468fe2ad43658d49def62609f3
1700934671070,sake,decrypt,1a857ab9468fe2ad43658d49def62609f3;0ec3c300500a000066e00a00900f
1700934672798,sake,decrypt,36b96b508dbfa70d9a94788fffb25f27a2d5;1b0551000a0040da009c0cb5ff412e
1700934672821,bt,read,00000200-0000-1000-0000-009132591325;36b96b508dbfa70d9a94788fffb25f27a2d5
1700934674521,bt,read,5f0b2420-be34-11e4-bc62-0002a5d5c51b;825c0102005802
1700934730217,bt,notify,00002a19-0000-1000-8000-00805f9b34fb;56
1700934971207,sake,decrypt,c11a4e990d33562f3e4fa7df9a1f28b9ef;0ec3c600550a00004ae00a0022fd
1700934971228,bt,notify,00002aa7-0000-1000-8000-00805f9b34fb;c11a4e990d33562f3e4fa7df9a1f28b9ef
1700934972946,bt,read,00000200-0000-1000-0000-009132591325;8de1e68270602d3f7e3627d87451ac297568
1700934972962,sake,decrypt,8de1e68270602d3f7e3627d87451ac297568;1b0651000a0040da00bf0cb4ff7db4
1700935270048,bt,notify,00002aa7-0000-1000-8000-00805f9b34fb;5844390424a0156d6ff9b139125b2a24e7
1700935270062,sake,decrypt,5844390424a0156d6ff9b139125b2a24e7;0ec3cb005a0a00003fe00a00eb52
1700935271794,bt,read,00000200-0000-1000-0000-009132591325;abbd236541c29d01831aad49ba0e622bbe7d
1700935271805,sake,decrypt,abbd236541c29d01831aad49ba0e622bbe7d;1b0751000a0040df00ef0cb3ffa518